дек. 15, 2022 7:57:23 PM com.company.WriteLog main
INFO: New Year's Day
дек. 15, 2022 7:57:23 PM com.company.WriteLog main
INFO: Martin Luther King Jr. Day
дек. 15, 2022 7:57:23 PM com.company.WriteLog main
INFO: Inauguration Day (<span title="District of Columbia">DC</span>, <span title="Maryland: partly">MD*</span>, <span title="Virginia: partly">VA*</span>)
дек. 15, 2022 7:57:23 PM com.company.WriteLog main
INFO: Presidents' Day
дек. 15, 2022 7:57:23 PM com.company.WriteLog main
INFO: Memorial Day
дек. 15, 2022 7:57:23 PM com.company.WriteLog main
INFO: 'Juneteenth' day off
дек. 15, 2022 7:57:23 PM com.company.WriteLog main
INFO: 'Independence Day' day off
дек. 15, 2022 7:57:23 PM com.company.WriteLog main
INFO: Labor Day
дек. 15, 2022 7:57:23 PM com.company.WriteLog main
INFO: Columbus Day
дек. 15, 2022 7:57:23 PM com.company.WriteLog main
INFO: Veterans Day
дек. 15, 2022 7:57:23 PM com.company.WriteLog main
INFO: Thanksgiving Day
дек. 15, 2022 7:57:23 PM com.company.WriteLog main
INFO: 'Christmas Day' day off
дек. 15, 2022 7:57:23 PM com.company.WriteLog main
INFO: 'New Year's Day' day off
